TN:
SF:C:\Users\zaman\Desktop\contact-management-master\contact-management-master\src\polyfills.ts
FNF:0
FNH:0
LF:0
LH:0
BRF:0
BRH:0
end_of_record
TN:
SF:C:\Users\zaman\Desktop\contact-management-master\contact-management-master\src\test.ts
FNF:0
FNH:0
DA:13,1
DA:18,1
DA:20,1
LF:3
LH:3
BRF:0
BRH:0
end_of_record
TN:
SF:C:\Users\zaman\Desktop\contact-management-master\contact-management-master\src\app\app.component.ts
FN:10,(anonymous_0)
FN:14,AppComponent
FN:19,(anonymous_2)
FN:23,(anonymous_3)
FN:25,(anonymous_4)
FNF:5
FNH:1
FNDA:1,(anonymous_0)
FNDA:0,AppComponent
FNDA:0,(anonymous_2)
FNDA:0,(anonymous_3)
FNDA:0,(anonymous_4)
DA:10,1
DA:11,0
DA:12,0
DA:14,0
DA:19,1
DA:20,0
DA:23,1
DA:25,0
DA:26,0
DA:27,0
DA:29,0
DA:36,1
LF:12
LH:4
BRF:0
BRH:0
end_of_record
TN:
SF:C:\Users\zaman\Desktop\contact-management-master\contact-management-master\src\app\components\login\login.component.ts
FN:12,(anonymous_0)
FN:19,LoginComponent
FN:23,(anonymous_2)
FN:34,(anonymous_3)
FN:35,(anonymous_4)
FN:38,(anonymous_5)
FN:46,(anonymous_6)
FN:48,(anonymous_7)
FN:58,(anonymous_8)
FNF:9
FNH:7
FNDA:1,(anonymous_0)
FNDA:2,LoginComponent
FNDA:2,(anonymous_2)
FNDA:2,(anonymous_3)
FNDA:2,(anonymous_4)
FNDA:2,(anonymous_5)
FNDA:0,(anonymous_6)
FNDA:0,(anonymous_7)
FNDA:3,(anonymous_8)
DA:12,1
DA:19,2
DA:20,2
DA:23,1
DA:24,2
DA:28,2
DA:34,2
DA:35,2
DA:36,2
DA:37,2
DA:39,2
DA:46,1
DA:47,0
DA:48,0
DA:49,0
DA:50,0
DA:51,0
DA:53,0
DA:58,1
DA:59,3
DA:60,2
DA:63,1
LF:22
LH:16
BRDA:47,0,0,0
BRDA:47,0,1,0
BRDA:50,1,0,0
BRDA:50,1,1,0
BRDA:50,2,0,0
BRDA:50,2,1,0
BRDA:50,2,2,0
BRDA:59,3,0,2
BRDA:59,3,1,1
BRF:9
BRH:2
end_of_record
TN:
SF:C:\Users\zaman\Desktop\contact-management-master\contact-management-master\src\app\components\user-details\user-details.component.ts
FN:13,(anonymous_0)
FN:29,UserDetailsComponent
FN:32,(anonymous_2)
FN:52,(anonymous_3)
FN:53,(anonymous_4)
FN:62,(anonymous_5)
FN:65,(anonymous_6)
FN:75,(anonymous_7)
FN:90,(anonymous_8)
FN:96,(anonymous_9)
FN:100,(anonymous_10)
FN:111,(anonymous_11)
FN:131,(anonymous_12)
FN:135,(anonymous_13)
FN:136,(anonymous_14)
FN:141,(anonymous_15)
FN:153,(anonymous_16)
FN:164,(anonymous_17)
FN:168,(anonymous_18)
FN:227,(anonymous_19)
FN:231,(anonymous_20)
FN:235,(anonymous_21)
FNF:22
FNH:1
FNDA:1,(anonymous_0)
FNDA:0,UserDetailsComponent
FNDA:0,(anonymous_2)
FNDA:0,(anonymous_3)
FNDA:0,(anonymous_4)
FNDA:0,(anonymous_5)
FNDA:0,(anonymous_6)
FNDA:0,(anonymous_7)
FNDA:0,(anonymous_8)
FNDA:0,(anonymous_9)
FNDA:0,(anonymous_10)
FNDA:0,(anonymous_11)
FNDA:0,(anonymous_12)
FNDA:0,(anonymous_13)
FNDA:0,(anonymous_14)
FNDA:0,(anonymous_15)
FNDA:0,(anonymous_16)
FNDA:0,(anonymous_17)
FNDA:0,(anonymous_18)
FNDA:0,(anonymous_19)
FNDA:0,(anonymous_20)
FNDA:0,(anonymous_21)
DA:13,1
DA:14,1
DA:20,0
DA:21,0
DA:26,0
DA:29,0
DA:32,1
DA:33,0
DA:34,0
DA:35,0
DA:36,0
DA:37,0
DA:38,0
DA:50,0
DA:52,0
DA:53,0
DA:59,0
DA:62,0
DA:65,0
DA:66,0
DA:67,0
DA:68,0
DA:69,0
DA:70,0
DA:71,0
DA:75,0
DA:76,0
DA:77,0
DA:78,0
DA:79,0
DA:80,0
DA:81,0
DA:82,0
DA:90,1
DA:91,0
DA:92,0
DA:94,0
DA:95,0
DA:96,0
DA:100,1
DA:101,0
DA:102,0
DA:103,0
DA:105,0
DA:107,0
DA:108,0
DA:111,1
DA:112,0
DA:113,0
DA:114,0
DA:115,0
DA:116,0
DA:117,0
DA:118,0
DA:119,0
DA:120,0
DA:121,0
DA:123,0
DA:131,1
DA:132,0
DA:133,0
DA:134,0
DA:135,0
DA:136,0
DA:137,0
DA:142,0
DA:153,1
DA:154,0
DA:158,0
DA:164,1
DA:165,0
DA:166,0
DA:168,0
DA:169,0
DA:172,0
DA:173,0
DA:174,0
DA:175,0
DA:176,0
DA:177,0
DA:178,0
DA:179,0
DA:180,0
DA:182,0
DA:185,0
DA:203,0
DA:204,0
DA:208,0
DA:210,0
DA:214,0
DA:217,0
DA:219,0
DA:220,0
DA:221,0
DA:222,0
DA:223,0
DA:227,1
DA:228,0
DA:231,1
DA:232,0
DA:235,1
DA:236,0
DA:237,0
DA:239,0
DA:240,0
DA:244,1
LF:106
LH:13
BRDA:66,0,0,0
BRDA:66,0,1,0
BRDA:76,1,0,0
BRDA:76,1,1,0
BRDA:91,2,0,0
BRDA:91,2,1,0
BRDA:91,3,0,0
BRDA:91,3,1,0
BRDA:94,4,0,0
BRDA:94,4,1,0
BRDA:94,5,0,0
BRDA:94,5,1,0
BRDA:101,6,0,0
BRDA:101,6,1,0
BRDA:134,7,0,0
BRDA:134,7,1,0
BRDA:172,8,0,0
BRDA:172,8,1,0
BRDA:172,9,0,0
BRDA:172,9,1,0
BRDA:175,10,0,0
BRDA:175,10,1,0
BRDA:175,11,0,0
BRDA:175,11,1,0
BRDA:178,12,0,0
BRDA:178,12,1,0
BRDA:178,13,0,0
BRDA:178,13,1,0
BRDA:186,14,0,0
BRDA:186,14,1,0
BRDA:188,15,0,0
BRDA:188,15,1,0
BRDA:189,16,0,0
BRDA:189,16,1,0
BRDA:191,17,0,0
BRDA:191,17,1,0
BRDA:192,18,0,0
BRDA:192,18,1,0
BRDA:193,19,0,0
BRDA:193,19,1,0
BRDA:194,20,0,0
BRDA:194,20,1,0
BRDA:195,21,0,0
BRDA:195,21,1,0
BRDA:196,22,0,0
BRDA:196,22,1,0
BRDA:198,23,0,0
BRDA:198,23,1,0
BRDA:203,24,0,0
BRDA:203,24,1,0
BRDA:236,25,0,0
BRDA:236,25,1,0
BRDA:239,26,0,0
BRDA:239,26,1,0
BRF:54
BRH:0
end_of_record
TN:
SF:C:\Users\zaman\Desktop\contact-management-master\contact-management-master\src\app\components\users\users.component.ts
FN:13,(anonymous_0)
FN:38,UsersComponent
FN:51,(anonymous_2)
FN:55,(anonymous_3)
FN:73,(anonymous_4)
FN:74,(anonymous_5)
FN:77,(anonymous_6)
FN:82,(anonymous_7)
FN:86,(anonymous_8)
FN:90,(anonymous_9)
FNF:10
FNH:5
FNDA:1,(anonymous_0)
FNDA:1,UsersComponent
FNDA:0,(anonymous_2)
FNDA:0,(anonymous_3)
FNDA:1,(anonymous_4)
FNDA:1,(anonymous_5)
FNDA:1,(anonymous_6)
FNDA:0,(anonymous_7)
FNDA:0,(anonymous_8)
FNDA:0,(anonymous_9)
DA:13,1
DA:15,1
DA:27,1
DA:38,1
DA:39,1
DA:40,1
DA:41,0
DA:43,0
DA:46,0
DA:47,0
DA:51,1
DA:55,0
DA:56,0
DA:58,0
DA:59,0
DA:60,0
DA:61,0
DA:62,0
DA:64,0
DA:65,0
DA:73,1
DA:74,1
DA:75,1
DA:76,1
DA:78,1
DA:82,1
DA:83,0
DA:86,1
DA:87,0
DA:90,1
DA:91,0
DA:92,0
DA:95,1
LF:33
LH:16
BRDA:40,0,0,0
BRDA:40,0,1,0
BRDA:46,1,0,0
BRDA:46,1,1,0
BRDA:60,2,0,0
BRDA:60,2,1,0
BRDA:91,3,0,0
BRDA:91,3,1,0
BRF:8
BRH:0
end_of_record
TN:
SF:C:\Users\zaman\Desktop\contact-management-master\contact-management-master\src\app\mock\contact.model.ts
FN:1,(anonymous_0)
FN:14,(anonymous_2)
FNF:2
FNH:2
FNDA:1,(anonymous_0)
FNDA:1,(anonymous_2)
DA:1,1
DA:9,0
DA:12,1
DA:14,1
DA:17,1
LF:5
LH:4
BRF:0
BRH:0
end_of_record
TN:
SF:C:\Users\zaman\Desktop\contact-management-master\contact-management-master\src\app\mock\contact.service.ts
FN:9,(anonymous_0)
FN:10,(anonymous_2)
FN:24,(anonymous_3)
FN:38,CmContactService
FN:45,(anonymous_5)
FN:48,(anonymous_6)
FN:52,(anonymous_7)
FN:55,(anonymous_8)
FN:59,(anonymous_9)
FN:62,(anonymous_10)
FN:66,(anonymous_11)
FN:70,(anonymous_12)
FN:74,(anonymous_13)
FN:89,(anonymous_14)
FN:93,(anonymous_15)
FN:97,(anonymous_16)
FN:101,(anonymous_17)
FN:103,(anonymous_18)
FN:104,(anonymous_19)
FN:112,(anonymous_20)
FN:116,(anonymous_21)
FN:116,(anonymous_22)
FN:123,(anonymous_23)
FN:126,(anonymous_24)
FNF:24
FNH:2
FNDA:1,(anonymous_0)
FNDA:0,(anonymous_2)
FNDA:1,(anonymous_3)
FNDA:0,CmContactService
FNDA:0,(anonymous_5)
FNDA:0,(anonymous_6)
FNDA:0,(anonymous_7)
FNDA:0,(anonymous_8)
FNDA:0,(anonymous_9)
FNDA:0,(anonymous_10)
FNDA:0,(anonymous_11)
FNDA:0,(anonymous_12)
FNDA:0,(anonymous_13)
FNDA:0,(anonymous_14)
FNDA:0,(anonymous_15)
FNDA:0,(anonymous_16)
FNDA:0,(anonymous_17)
FNDA:0,(anonymous_18)
FNDA:0,(anonymous_19)
FNDA:0,(anonymous_20)
FNDA:0,(anonymous_21)
FNDA:0,(anonymous_22)
FNDA:0,(anonymous_23)
FNDA:0,(anonymous_24)
DA:9,1
DA:10,1
DA:11,0
DA:12,0
DA:13,0
DA:15,1
DA:24,1
DA:25,0
DA:26,0
DA:27,0
DA:29,0
DA:30,0
DA:32,0
DA:33,0
DA:35,0
DA:36,0
DA:39,0
DA:45,1
DA:46,0
DA:48,0
DA:52,1
DA:53,0
DA:55,0
DA:59,1
DA:60,0
DA:62,0
DA:66,1
DA:67,0
DA:68,0
DA:70,0
DA:74,1
DA:77,0
DA:78,0
DA:79,0
DA:81,0
DA:83,0
DA:84,0
DA:89,1
DA:90,0
DA:93,1
DA:94,0
DA:97,1
DA:98,0
DA:101,1
DA:102,0
DA:104,0
DA:105,0
DA:112,1
DA:113,0
DA:114,0
DA:116,0
DA:117,0
DA:123,1
DA:124,0
DA:126,0
DA:129,1
LF:56
LH:16
BRDA:67,0,0,0
BRDA:67,0,1,0
BRDA:77,1,0,0
BRDA:77,1,1,0
BRDA:79,2,0,0
BRDA:79,2,1,0
BRDA:81,3,0,0
BRDA:81,3,1,0
BRDA:113,4,0,0
BRDA:113,4,1,0
BRF:10
BRH:0
end_of_record
TN:
SF:C:\Users\zaman\Desktop\contact-management-master\contact-management-master\src\app\mock\index.ts
FNF:0
FNH:0
LF:0
LH:0
BRF:0
BRH:0
end_of_record
TN:
SF:C:\Users\zaman\Desktop\contact-management-master\contact-management-master\src\app\shared\table\table.component.ts
FN:11,(anonymous_0)
FN:28,TableComponent
FN:34,(anonymous_2)
FN:35,(anonymous_3)
FN:38,(anonymous_4)
FN:46,(anonymous_5)
FN:47,(anonymous_6)
FN:58,(anonymous_7)
FN:60,(anonymous_8)
FN:77,(anonymous_9)
FN:84,(anonymous_10)
FN:89,(anonymous_11)
FNF:12
FNH:1
FNDA:1,(anonymous_0)
FNDA:0,TableComponent
FNDA:0,(anonymous_2)
FNDA:0,(anonymous_3)
FNDA:0,(anonymous_4)
FNDA:0,(anonymous_5)
FNDA:0,(anonymous_6)
FNDA:0,(anonymous_7)
FNDA:0,(anonymous_8)
FNDA:0,(anonymous_9)
FNDA:0,(anonymous_10)
FNDA:0,(anonymous_11)
DA:11,1
DA:12,1
DA:13,1
DA:14,1
DA:16,1
DA:18,1
DA:19,1
DA:23,0
DA:28,0
DA:34,1
DA:35,0
DA:38,1
DA:39,0
DA:40,0
DA:46,1
DA:47,0
DA:48,0
DA:50,0
DA:51,0
DA:52,0
DA:58,1
DA:59,0
DA:60,0
DA:61,0
DA:63,0
DA:64,0
DA:66,0
DA:68,0
DA:69,0
DA:77,1
DA:78,0
DA:84,1
DA:85,0
DA:86,0
DA:89,1
DA:90,0
DA:91,0
DA:95,1
LF:38
LH:15
BRDA:35,0,0,0
BRDA:35,0,1,0
BRDA:61,1,0,0
BRDA:61,1,1,0
BRDA:63,2,0,0
BRDA:63,2,1,0
BRDA:90,3,0,0
BRDA:90,3,1,0
BRF:8
BRH:0
end_of_record
